This file contains any messages produced by compilers while
running configure, to aid debugging if configure makes a mistake.

It was created by Glott Vocoder configure 1.2, which was
generated by GNU Autoconf 2.69.  Invocation command line was

  $ ./configure 

## --------- ##
## Platform. ##
## --------- ##

hostname = t40521-ubu01
uname -m = x86_64
uname -r = 3.13.0-96-generic
uname -s = Linux
uname -v = #143-Ubuntu SMP Mon Aug 29 20:15:20 UTC 2016

/usr/bin/uname -p = unknown
/bin/uname -X     = unknown

/bin/arch              = unknown
/usr/bin/arch -k       = unknown
/usr/convex/getsysinfo = unknown
/usr/bin/hostinfo      = unknown
/bin/machine           = unknown
/usr/bin/oslevel       = unknown
/bin/universe          = unknown

PATH: /u/76/mairaksi/unix/bin
PATH: /opt/bin
PATH: /usr/bin
PATH: /usr/local/cuda/bin
PATH: /opt/bin
PATH: /u/76/mairaksi/unix/bin
PATH: /usr/local/sbin
PATH: /usr/local/bin
PATH: /usr/sbin
PATH: /usr/bin
PATH: /sbin
PATH: /bin
PATH: /usr/games
PATH: /usr/local/games


## ----------- ##
## Core tests. ##
## ----------- ##

configure:2293: checking for a BSD-compatible install
configure:2361: result: /usr/bin/install -c
configure:2372: checking whether build environment is sane
configure:2427: result: yes
configure:2578: checking for a thread-safe mkdir -p
configure:2617: result: /bin/mkdir -p
configure:2624: checking for gawk
configure:2640: found /usr/bin/gawk
configure:2651: result: gawk
configure:2662: checking whether make sets $(MAKE)
configure:2684: result: yes
configure:2713: checking whether make supports nested variables
configure:2730: result: yes
configure:2917: checking for g++
configure:2933: found /usr/bin/g++
configure:2944: result: g++
configure:2971: checking for C++ compiler version
configure:2980: g++ --version >&5
g++ (Ubuntu 4.8.4-2ubuntu1~14.04.3) 4.8.4
Copyright (C) 2013 Free Software Foundation, Inc.
This is free software; see the source for copying conditions.  There is NO
warranty; not even for MERCHANTABILITY or FITNESS FOR A PARTICULAR PURPOSE.

configure:2991: $? = 0
configure:2980: g++ -v >&5
Using built-in specs.
COLLECT_GCC=g++
COLLECT_LTO_WRAPPER=/usr/lib/gcc/x86_64-linux-gnu/4.8/lto-wrapper
Target: x86_64-linux-gnu
Configured with: ../src/configure -v --with-pkgversion='Ubuntu 4.8.4-2ubuntu1~14.04.3' --with-bugurl=file:///usr/share/doc/gcc-4.8/README.Bugs --enable-languages=c,c++,java,go,d,fortran,objc,obj-c++ --prefix=/usr --program-suffix=-4.8 --enable-shared --enable-linker-build-id --libexecdir=/usr/lib --without-included-gettext --enable-threads=posix --with-gxx-include-dir=/usr/include/c++/4.8 --libdir=/usr/lib --enable-nls --with-sysroot=/ --enable-clocale=gnu --enable-libstdcxx-debug --enable-libstdcxx-time=yes --enable-gnu-unique-object --disable-libmudflap --enable-plugin --with-system-zlib --disable-browser-plugin --enable-java-awt=gtk --enable-gtk-cairo --with-java-home=/usr/lib/jvm/java-1.5.0-gcj-4.8-amd64/jre --enable-java-home --with-jvm-root-dir=/usr/lib/jvm/java-1.5.0-gcj-4.8-amd64 --with-jvm-jar-dir=/usr/lib/jvm-exports/java-1.5.0-gcj-4.8-amd64 --with-arch-directory=amd64 --with-ecj-jar=/usr/share/java/eclipse-ecj.jar --enable-objc-gc --enable-multiarch --disable-werror --with-arch-32=i686 --with-abi=m64 --with-multilib-list=m32,m64,mx32 --with-tune=generic --enable-checking=release --build=x86_64-linux-gnu --host=x86_64-linux-gnu --target=x86_64-linux-gnu
Thread model: posix
gcc version 4.8.4 (Ubuntu 4.8.4-2ubuntu1~14.04.3) 
configure:2991: $? = 0
configure:2980: g++ -V >&5
g++: error: unrecognized command line option '-V'
g++: fatal error: no input files
compilation terminated.
configure:2991: $? = 4
configure:2980: g++ -qversion >&5
g++: error: unrecognized command line option '-qversion'
g++: fatal error: no input files
compilation terminated.
configure:2991: $? = 4
configure:3011: checking whether the C++ compiler works
configure:3033: g++    conftest.cpp  >&5
configure:3037: $? = 0
configure:3085: result: yes
configure:3088: checking for C++ compiler default output file name
configure:3090: result: a.out
configure:3096: checking for suffix of executables
configure:3103: g++ -o conftest    conftest.cpp  >&5
configure:3107: $? = 0
configure:3129: result: 
configure:3151: checking whether we are cross compiling
configure:3159: g++ -o conftest    conftest.cpp  >&5
configure:3163: $? = 0
configure:3170: ./conftest
configure:3174: $? = 0
configure:3189: result: no
configure:3194: checking for suffix of object files
configure:3216: g++ -c   conftest.cpp >&5
configure:3220: $? = 0
configure:3241: result: o
configure:3245: checking whether we are using the GNU C++ compiler
configure:3264: g++ -c   conftest.cpp >&5
configure:3264: $? = 0
configure:3273: result: yes
configure:3282: checking whether g++ accepts -g
configure:3302: g++ -c -g  conftest.cpp >&5
configure:3302: $? = 0
configure:3343: result: yes
configure:3377: checking for style of include used by make
configure:3405: result: GNU
configure:3431: checking dependency style of g++
configure:3542: result: gcc3
configure:3600: checking for ranlib
configure:3616: found /usr/bin/ranlib
configure:3627: result: ranlib
configure:3699: checking for gcc
configure:3715: found /usr/bin/gcc
configure:3726: result: gcc
configure:3955: checking for C compiler version
configure:3964: gcc --version >&5
gcc (Ubuntu 4.8.4-2ubuntu1~14.04.3) 4.8.4
Copyright (C) 2013 Free Software Foundation, Inc.
This is free software; see the source for copying conditions.  There is NO
warranty; not even for MERCHANTABILITY or FITNESS FOR A PARTICULAR PURPOSE.

configure:3975: $? = 0
configure:3964: gcc -v >&5
Using built-in specs.
COLLECT_GCC=gcc
COLLECT_LTO_WRAPPER=/usr/lib/gcc/x86_64-linux-gnu/4.8/lto-wrapper
Target: x86_64-linux-gnu
Configured with: ../src/configure -v --with-pkgversion='Ubuntu 4.8.4-2ubuntu1~14.04.3' --with-bugurl=file:///usr/share/doc/gcc-4.8/README.Bugs --enable-languages=c,c++,java,go,d,fortran,objc,obj-c++ --prefix=/usr --program-suffix=-4.8 --enable-shared --enable-linker-build-id --libexecdir=/usr/lib --without-included-gettext --enable-threads=posix --with-gxx-include-dir=/usr/include/c++/4.8 --libdir=/usr/lib --enable-nls --with-sysroot=/ --enable-clocale=gnu --enable-libstdcxx-debug --enable-libstdcxx-time=yes --enable-gnu-unique-object --disable-libmudflap --enable-plugin --with-system-zlib --disable-browser-plugin --enable-java-awt=gtk --enable-gtk-cairo --with-java-home=/usr/lib/jvm/java-1.5.0-gcj-4.8-amd64/jre --enable-java-home --with-jvm-root-dir=/usr/lib/jvm/java-1.5.0-gcj-4.8-amd64 --with-jvm-jar-dir=/usr/lib/jvm-exports/java-1.5.0-gcj-4.8-amd64 --with-arch-directory=amd64 --with-ecj-jar=/usr/share/java/eclipse-ecj.jar --enable-objc-gc --enable-multiarch --disable-werror --with-arch-32=i686 --with-abi=m64 --with-multilib-list=m32,m64,mx32 --with-tune=generic --enable-checking=release --build=x86_64-linux-gnu --host=x86_64-linux-gnu --target=x86_64-linux-gnu
Thread model: posix
gcc version 4.8.4 (Ubuntu 4.8.4-2ubuntu1~14.04.3) 
configure:3975: $? = 0
configure:3964: gcc -V >&5
gcc: error: unrecognized command line option '-V'
gcc: fatal error: no input files
compilation terminated.
configure:3975: $? = 4
configure:3964: gcc -qversion >&5
gcc: error: unrecognized command line option '-qversion'
gcc: fatal error: no input files
compilation terminated.
configure:3975: $? = 4
configure:3979: checking whether we are using the GNU C compiler
configure:3998: gcc -c   conftest.c >&5
configure:3998: $? = 0
configure:4007: result: yes
configure:4016: checking whether gcc accepts -g
configure:4036: gcc -c -g  conftest.c >&5
configure:4036: $? = 0
configure:4077: result: yes
configure:4094: checking for gcc option to accept ISO C89
configure:4157: gcc  -c -g -O2  conftest.c >&5
configure:4157: $? = 0
configure:4170: result: none needed
configure:4195: checking whether gcc understands -c and -o together
configure:4217: gcc -c conftest.c -o conftest2.o
configure:4220: $? = 0
configure:4217: gcc -c conftest.c -o conftest2.o
configure:4220: $? = 0
configure:4232: result: yes
configure:4251: checking dependency style of gcc
configure:4362: result: gcc3
configure:4378: checking for cos in -lm
configure:4403: gcc -o conftest -g -O2   conftest.c -lm   >&5
conftest.c:18:6: warning: conflicting types for built-in function 'cos' [enabled by default]
 char cos ();
      ^
configure:4403: $? = 0
configure:4412: result: yes
configure:4423: checking for cblas_dgemm in -lgslcblas
configure:4448: gcc -o conftest -g -O2   conftest.c -lgslcblas  -lm  >&5
configure:4448: $? = 0
configure:4457: result: yes
configure:4468: checking for gsl_blas_dgemm in -lgsl
configure:4493: gcc -o conftest -g -O2   conftest.c -lgsl  -lgslcblas -lm  >&5
configure:4493: $? = 0
configure:4502: result: yes
configure:4513: checking for config_init in -lconfig++
configure:4538: gcc -o conftest -g -O2   conftest.c -lconfig++  -lgsl -lgslcblas -lm  >&5
configure:4538: $? = 0
configure:4547: result: yes
configure:4558: checking for sf_write_double in -lsndfile
configure:4583: gcc -o conftest -g -O2   conftest.c -lsndfile  -lconfig++ -lgsl -lgslcblas -lm  >&5
configure:4583: $? = 0
configure:4592: result: yes
configure:4610: checking how to run the C preprocessor
configure:4641: gcc -E  conftest.c
configure:4641: $? = 0
configure:4655: gcc -E  conftest.c
conftest.c:16:28: fatal error: ac_nonexistent.h: No such file or directory
 #include <ac_nonexistent.h>
                            ^
compilation terminated.
configure:4655: $? = 1
configure: failed program was:
| /* confdefs.h */
| #define PACKAGE_NAME "Glott Vocoder"
| #define PACKAGE_TARNAME "glott-vocoder"
| #define PACKAGE_VERSION "1.2"
| #define PACKAGE_STRING "Glott Vocoder 1.2"
| #define PACKAGE_BUGREPORT "BUG-REPORT-ADDRESS"
| #define PACKAGE_URL ""
| #define PACKAGE "glott-vocoder"
| #define VERSION "1.2"
| #define HAVE_LIBM 1
| #define HAVE_LIBGSLCBLAS 1
| #define HAVE_LIBGSL 1
| #define HAVE_LIBCONFIG__ 1
| #define HAVE_LIBSNDFILE 1
| /* end confdefs.h.  */
| #include <ac_nonexistent.h>
configure:4680: result: gcc -E
configure:4700: gcc -E  conftest.c
configure:4700: $? = 0
configure:4714: gcc -E  conftest.c
conftest.c:16:28: fatal error: ac_nonexistent.h: No such file or directory
 #include <ac_nonexistent.h>
                            ^
compilation terminated.
configure:4714: $? = 1
configure: failed program was:
| /* confdefs.h */
| #define PACKAGE_NAME "Glott Vocoder"
| #define PACKAGE_TARNAME "glott-vocoder"
| #define PACKAGE_VERSION "1.2"
| #define PACKAGE_STRING "Glott Vocoder 1.2"
| #define PACKAGE_BUGREPORT "BUG-REPORT-ADDRESS"
| #define PACKAGE_URL ""
| #define PACKAGE "glott-vocoder"
| #define VERSION "1.2"
| #define HAVE_LIBM 1
| #define HAVE_LIBGSLCBLAS 1
| #define HAVE_LIBGSL 1
| #define HAVE_LIBCONFIG__ 1
| #define HAVE_LIBSNDFILE 1
| /* end confdefs.h.  */
| #include <ac_nonexistent.h>
configure:4743: checking for grep that handles long lines and -e
configure:4801: result: /bin/grep
configure:4806: checking for egrep
configure:4868: result: /bin/grep -E
configure:4873: checking for ANSI C header files
configure:4893: gcc -c -g -O2  conftest.c >&5
configure:4893: $? = 0
configure:4966: gcc -o conftest -g -O2   conftest.c -lsndfile -lconfig++ -lgsl -lgslcblas -lm  >&5
configure:4966: $? = 0
configure:4966: ./conftest
configure:4966: $? = 0
configure:4977: result: yes
configure:4990: checking for sys/types.h
configure:4990: gcc -c -g -O2  conftest.c >&5
configure:4990: $? = 0
configure:4990: result: yes
configure:4990: checking for sys/stat.h
configure:4990: gcc -c -g -O2  conftest.c >&5
configure:4990: $? = 0
configure:4990: result: yes
configure:4990: checking for stdlib.h
configure:4990: gcc -c -g -O2  conftest.c >&5
configure:4990: $? = 0
configure:4990: result: yes
configure:4990: checking for string.h
configure:4990: gcc -c -g -O2  conftest.c >&5
configure:4990: $? = 0
configure:4990: result: yes
configure:4990: checking for memory.h
configure:4990: gcc -c -g -O2  conftest.c >&5
configure:4990: $? = 0
configure:4990: result: yes
configure:4990: checking for strings.h
configure:4990: gcc -c -g -O2  conftest.c >&5
configure:4990: $? = 0
configure:4990: result: yes
configure:4990: checking for inttypes.h
configure:4990: gcc -c -g -O2  conftest.c >&5
configure:4990: $? = 0
configure:4990: result: yes
configure:4990: checking for stdint.h
configure:4990: gcc -c -g -O2  conftest.c >&5
configure:4990: $? = 0
configure:4990: result: yes
configure:4990: checking for unistd.h
configure:4990: gcc -c -g -O2  conftest.c >&5
configure:4990: $? = 0
configure:4990: result: yes
configure:5005: checking for stdlib.h
configure:5005: result: yes
configure:5005: checking for string.h
configure:5005: result: yes
configure:5017: checking for stdbool.h that conforms to C99
configure:5084: gcc -c -g -O2  conftest.c >&5
configure:5084: $? = 0
configure:5091: result: yes
configure:5093: checking for _Bool
configure:5093: gcc -c -g -O2  conftest.c >&5
configure:5093: $? = 0
configure:5093: gcc -c -g -O2  conftest.c >&5
conftest.c: In function 'main':
conftest.c:64:20: error: expected expression before ')' token
 if (sizeof ((_Bool)))
                    ^
configure:5093: $? = 1
configure: failed program was:
| /* confdefs.h */
| #define PACKAGE_NAME "Glott Vocoder"
| #define PACKAGE_TARNAME "glott-vocoder"
| #define PACKAGE_VERSION "1.2"
| #define PACKAGE_STRING "Glott Vocoder 1.2"
| #define PACKAGE_BUGREPORT "BUG-REPORT-ADDRESS"
| #define PACKAGE_URL ""
| #define PACKAGE "glott-vocoder"
| #define VERSION "1.2"
| #define HAVE_LIBM 1
| #define HAVE_LIBGSLCBLAS 1
| #define HAVE_LIBGSL 1
| #define HAVE_LIBCONFIG__ 1
| #define HAVE_LIBSNDFILE 1
| #define STDC_HEADERS 1
| #define HAVE_SYS_TYPES_H 1
| #define HAVE_SYS_STAT_H 1
| #define HAVE_STDLIB_H 1
| #define HAVE_STRING_H 1
| #define HAVE_MEMORY_H 1
| #define HAVE_STRINGS_H 1
| #define HAVE_INTTYPES_H 1
| #define HAVE_STDINT_H 1
| #define HAVE_UNISTD_H 1
| #define HAVE_STDLIB_H 1
| #define HAVE_STRING_H 1
| /* end confdefs.h.  */
| #include <stdio.h>
| #ifdef HAVE_SYS_TYPES_H
| # include <sys/types.h>
| #endif
| #ifdef HAVE_SYS_STAT_H
| # include <sys/stat.h>
| #endif
| #ifdef STDC_HEADERS
| # include <stdlib.h>
| # include <stddef.h>
| #else
| # ifdef HAVE_STDLIB_H
| #  include <stdlib.h>
| # endif
| #endif
| #ifdef HAVE_STRING_H
| # if !defined STDC_HEADERS && defined HAVE_MEMORY_H
| #  include <memory.h>
| # endif
| # include <string.h>
| #endif
| #ifdef HAVE_STRINGS_H
| # include <strings.h>
| #endif
| #ifdef HAVE_INTTYPES_H
| # include <inttypes.h>
| #endif
| #ifdef HAVE_STDINT_H
| # include <stdint.h>
| #endif
| #ifdef HAVE_UNISTD_H
| # include <unistd.h>
| #endif
| int
| main ()
| {
| if (sizeof ((_Bool)))
| 	    return 0;
|   ;
|   return 0;
| }
configure:5093: result: yes
configure:5104: checking for size_t
configure:5104: gcc -c -g -O2  conftest.c >&5
configure:5104: $? = 0
configure:5104: gcc -c -g -O2  conftest.c >&5
conftest.c: In function 'main':
conftest.c:65:21: error: expected expression before ')' token
 if (sizeof ((size_t)))
                     ^
configure:5104: $? = 1
configure: failed program was:
| /* confdefs.h */
| #define PACKAGE_NAME "Glott Vocoder"
| #define PACKAGE_TARNAME "glott-vocoder"
| #define PACKAGE_VERSION "1.2"
| #define PACKAGE_STRING "Glott Vocoder 1.2"
| #define PACKAGE_BUGREPORT "BUG-REPORT-ADDRESS"
| #define PACKAGE_URL ""
| #define PACKAGE "glott-vocoder"
| #define VERSION "1.2"
| #define HAVE_LIBM 1
| #define HAVE_LIBGSLCBLAS 1
| #define HAVE_LIBGSL 1
| #define HAVE_LIBCONFIG__ 1
| #define HAVE_LIBSNDFILE 1
| #define STDC_HEADERS 1
| #define HAVE_SYS_TYPES_H 1
| #define HAVE_SYS_STAT_H 1
| #define HAVE_STDLIB_H 1
| #define HAVE_STRING_H 1
| #define HAVE_MEMORY_H 1
| #define HAVE_STRINGS_H 1
| #define HAVE_INTTYPES_H 1
| #define HAVE_STDINT_H 1
| #define HAVE_UNISTD_H 1
| #define HAVE_STDLIB_H 1
| #define HAVE_STRING_H 1
| #define HAVE__BOOL 1
| /* end confdefs.h.  */
| #include <stdio.h>
| #ifdef HAVE_SYS_TYPES_H
| # include <sys/types.h>
| #endif
| #ifdef HAVE_SYS_STAT_H
| # include <sys/stat.h>
| #endif
| #ifdef STDC_HEADERS
| # include <stdlib.h>
| # include <stddef.h>
| #else
| # ifdef HAVE_STDLIB_H
| #  include <stdlib.h>
| # endif
| #endif
| #ifdef HAVE_STRING_H
| # if !defined STDC_HEADERS && defined HAVE_MEMORY_H
| #  include <memory.h>
| # endif
| # include <string.h>
| #endif
| #ifdef HAVE_STRINGS_H
| # include <strings.h>
| #endif
| #ifdef HAVE_INTTYPES_H
| # include <inttypes.h>
| #endif
| #ifdef HAVE_STDINT_H
| # include <stdint.h>
| #endif
| #ifdef HAVE_UNISTD_H
| # include <unistd.h>
| #endif
| int
| main ()
| {
| if (sizeof ((size_t)))
| 	    return 0;
|   ;
|   return 0;
| }
configure:5104: result: yes
configure:5119: checking for stdlib.h
configure:5119: result: yes
configure:5129: checking for GNU libc compatible malloc
configure:5153: gcc -o conftest -g -O2   conftest.c -lsndfile -lconfig++ -lgsl -lgslcblas -lm  >&5
configure:5153: $? = 0
configure:5153: ./conftest
configure:5153: $? = 0
configure:5163: result: yes
configure:5187: checking for floor
configure:5187: gcc -o conftest -g -O2   conftest.c -lsndfile -lconfig++ -lgsl -lgslcblas -lm  >&5
conftest.c:54:6: warning: conflicting types for built-in function 'floor' [enabled by default]
 char floor ();
      ^
configure:5187: $? = 0
configure:5187: result: yes
configure:5187: checking for pow
configure:5187: gcc -o conftest -g -O2   conftest.c -lsndfile -lconfig++ -lgsl -lgslcblas -lm  >&5
conftest.c:55:6: warning: conflicting types for built-in function 'pow' [enabled by default]
 char pow ();
      ^
configure:5187: $? = 0
configure:5187: result: yes
configure:5187: checking for rint
configure:5187: gcc -o conftest -g -O2   conftest.c -lsndfile -lconfig++ -lgsl -lgslcblas -lm  >&5
conftest.c:56:6: warning: conflicting types for built-in function 'rint' [enabled by default]
 char rint ();
      ^
configure:5187: $? = 0
configure:5187: result: yes
configure:5187: checking for sqrt
configure:5187: gcc -o conftest -g -O2   conftest.c -lsndfile -lconfig++ -lgsl -lgslcblas -lm  >&5
conftest.c:57:6: warning: conflicting types for built-in function 'sqrt' [enabled by default]
 char sqrt ();
      ^
configure:5187: $? = 0
configure:5187: result: yes
configure:5187: checking for strerror
configure:5187: gcc -o conftest -g -O2   conftest.c -lsndfile -lconfig++ -lgsl -lgslcblas -lm  >&5
configure:5187: $? = 0
configure:5187: result: yes
configure:5308: checking that generated files are newer than configure
configure:5314: result: done
configure:5341: creating ./config.status

## ---------------------- ##
## Running config.status. ##
## ---------------------- ##

This file was extended by Glott Vocoder config.status 1.2, which was
generated by GNU Autoconf 2.69.  Invocation command line was

  CONFIG_FILES    = 
  CONFIG_HEADERS  = 
  CONFIG_LINKS    = 
  CONFIG_COMMANDS = 
  $ ./config.status 

on t40521-ubu01

config.status:876: creating Makefile
config.status:876: creating src/Makefile
config.status:876: creating src/glott/Makefile
config.status:876: creating config.h
config.status:1057: config.h is unchanged
config.status:1105: executing depfiles commands

## ---------------- ##
## Cache variables. ##
## ---------------- ##

ac_cv_c_compiler_gnu=yes
ac_cv_cxx_compiler_gnu=yes
ac_cv_env_CCC_set=
ac_cv_env_CCC_value=
ac_cv_env_CC_set=
ac_cv_env_CC_value=
ac_cv_env_CFLAGS_set=
ac_cv_env_CFLAGS_value=
ac_cv_env_CPPFLAGS_set=
ac_cv_env_CPPFLAGS_value=
ac_cv_env_CPP_set=
ac_cv_env_CPP_value=
ac_cv_env_CXXFLAGS_set=
ac_cv_env_CXXFLAGS_value=
ac_cv_env_CXX_set=
ac_cv_env_CXX_value=
ac_cv_env_LDFLAGS_set=
ac_cv_env_LDFLAGS_value=
ac_cv_env_LIBS_set=
ac_cv_env_LIBS_value=
ac_cv_env_build_alias_set=
ac_cv_env_build_alias_value=
ac_cv_env_host_alias_set=
ac_cv_env_host_alias_value=
ac_cv_env_target_alias_set=
ac_cv_env_target_alias_value=
ac_cv_func_floor=yes
ac_cv_func_malloc_0_nonnull=yes
ac_cv_func_pow=yes
ac_cv_func_rint=yes
ac_cv_func_sqrt=yes
ac_cv_func_strerror=yes
ac_cv_header_inttypes_h=yes
ac_cv_header_memory_h=yes
ac_cv_header_stdbool_h=yes
ac_cv_header_stdc=yes
ac_cv_header_stdint_h=yes
ac_cv_header_stdlib_h=yes
ac_cv_header_string_h=yes
ac_cv_header_strings_h=yes
ac_cv_header_sys_stat_h=yes
ac_cv_header_sys_types_h=yes
ac_cv_header_unistd_h=yes
ac_cv_lib_configpp_config_init=yes
ac_cv_lib_gsl_gsl_blas_dgemm=yes
ac_cv_lib_gslcblas_cblas_dgemm=yes
ac_cv_lib_m_cos=yes
ac_cv_lib_sndfile_sf_write_double=yes
ac_cv_objext=o
ac_cv_path_EGREP='/bin/grep -E'
ac_cv_path_GREP=/bin/grep
ac_cv_path_install='/usr/bin/install -c'
ac_cv_path_mkdir=/bin/mkdir
ac_cv_prog_AWK=gawk
ac_cv_prog_CPP='gcc -E'
ac_cv_prog_ac_ct_CC=gcc
ac_cv_prog_ac_ct_CXX=g++
ac_cv_prog_ac_ct_RANLIB=ranlib
ac_cv_prog_cc_c89=
ac_cv_prog_cc_g=yes
ac_cv_prog_cxx_g=yes
ac_cv_prog_make_make_set=yes
ac_cv_type__Bool=yes
ac_cv_type_size_t=yes
am_cv_CC_dependencies_compiler_type=gcc3
am_cv_CXX_dependencies_compiler_type=gcc3
am_cv_make_support_nested_variables=yes
am_cv_prog_cc_c_o=yes

## ----------------- ##
## Output variables. ##
## ----------------- ##

ACLOCAL='${SHELL} /u/76/mairaksi/unix/Documents/CODE/GlottDNN/missing aclocal-1.14'
AMDEPBACKSLASH='\'
AMDEP_FALSE='#'
AMDEP_TRUE=''
AMTAR='$${TAR-tar}'
AM_BACKSLASH='\'
AM_DEFAULT_V='$(AM_DEFAULT_VERBOSITY)'
AM_DEFAULT_VERBOSITY='1'
AM_V='$(V)'
AUTOCONF='${SHELL} /u/76/mairaksi/unix/Documents/CODE/GlottDNN/missing autoconf'
AUTOHEADER='${SHELL} /u/76/mairaksi/unix/Documents/CODE/GlottDNN/missing autoheader'
AUTOMAKE='${SHELL} /u/76/mairaksi/unix/Documents/CODE/GlottDNN/missing automake-1.14'
AWK='gawk'
CC='gcc'
CCDEPMODE='depmode=gcc3'
CFLAGS='-g -O2'
CPP='gcc -E'
CPPFLAGS=''
CXX='g++'
CXXDEPMODE='depmode=gcc3'
CXXFLAGS='-g -O2'
CYGPATH_W='echo'
DEFS='-DHAVE_CONFIG_H'
DEPDIR='.deps'
ECHO_C=''
ECHO_N='-n'
ECHO_T=''
EGREP='/bin/grep -E'
EXEEXT=''
GREP='/bin/grep'
INSTALL_DATA='${INSTALL} -m 644'
INSTALL_PROGRAM='${INSTALL}'
INSTALL_SCRIPT='${INSTALL}'
INSTALL_STRIP_PROGRAM='$(install_sh) -c -s'
LDFLAGS=''
LIBOBJS=''
LIBS='-lsndfile -lconfig++ -lgsl -lgslcblas -lm '
LTLIBOBJS=''
MAKEINFO='${SHELL} /u/76/mairaksi/unix/Documents/CODE/GlottDNN/missing makeinfo'
MKDIR_P='/bin/mkdir -p'
OBJEXT='o'
PACKAGE='glott-vocoder'
PACKAGE_BUGREPORT='BUG-REPORT-ADDRESS'
PACKAGE_NAME='Glott Vocoder'
PACKAGE_STRING='Glott Vocoder 1.2'
PACKAGE_TARNAME='glott-vocoder'
PACKAGE_URL=''
PACKAGE_VERSION='1.2'
PATH_SEPARATOR=':'
RANLIB='ranlib'
SET_MAKE=''
SHELL='/bin/bash'
STRIP=''
VERSION='1.2'
ac_ct_CC='gcc'
ac_ct_CXX='g++'
am__EXEEXT_FALSE=''
am__EXEEXT_TRUE='#'
am__fastdepCC_FALSE='#'
am__fastdepCC_TRUE=''
am__fastdepCXX_FALSE='#'
am__fastdepCXX_TRUE=''
am__include='include'
am__isrc=''
am__leading_dot='.'
am__nodep='_no'
am__quote=''
am__tar='$${TAR-tar} chof - "$$tardir"'
am__untar='$${TAR-tar} xf -'
bindir='${exec_prefix}/bin'
build_alias=''
datadir='${datarootdir}'
datarootdir='${prefix}/share'
docdir='${datarootdir}/doc/${PACKAGE_TARNAME}'
dvidir='${docdir}'
exec_prefix='${prefix}'
host_alias=''
htmldir='${docdir}'
includedir='${prefix}/include'
infodir='${datarootdir}/info'
install_sh='${SHELL} /u/76/mairaksi/unix/Documents/CODE/GlottDNN/install-sh'
libdir='${exec_prefix}/lib'
libexecdir='${exec_prefix}/libexec'
localedir='${datarootdir}/locale'
localstatedir='${prefix}/var'
mandir='${datarootdir}/man'
mkdir_p='$(MKDIR_P)'
oldincludedir='/usr/include'
pdfdir='${docdir}'
prefix='/usr/local'
program_transform_name='s,x,x,'
psdir='${docdir}'
sbindir='${exec_prefix}/sbin'
sharedstatedir='${prefix}/com'
sysconfdir='${prefix}/etc'
target_alias=''

## ----------- ##
## confdefs.h. ##
## ----------- ##

/* confdefs.h */
#define PACKAGE_NAME "Glott Vocoder"
#define PACKAGE_TARNAME "glott-vocoder"
#define PACKAGE_VERSION "1.2"
#define PACKAGE_STRING "Glott Vocoder 1.2"
#define PACKAGE_BUGREPORT "BUG-REPORT-ADDRESS"
#define PACKAGE_URL ""
#define PACKAGE "glott-vocoder"
#define VERSION "1.2"
#define HAVE_LIBM 1
#define HAVE_LIBGSLCBLAS 1
#define HAVE_LIBGSL 1
#define HAVE_LIBCONFIG__ 1
#define HAVE_LIBSNDFILE 1
#define STDC_HEADERS 1
#define HAVE_SYS_TYPES_H 1
#define HAVE_SYS_STAT_H 1
#define HAVE_STDLIB_H 1
#define HAVE_STRING_H 1
#define HAVE_MEMORY_H 1
#define HAVE_STRINGS_H 1
#define HAVE_INTTYPES_H 1
#define HAVE_STDINT_H 1
#define HAVE_UNISTD_H 1
#define HAVE_STDLIB_H 1
#define HAVE_STRING_H 1
#define HAVE__BOOL 1
#define HAVE_STDLIB_H 1
#define HAVE_MALLOC 1
#define HAVE_FLOOR 1
#define HAVE_POW 1
#define HAVE_RINT 1
#define HAVE_SQRT 1
#define HAVE_STRERROR 1

configure: exit 0
